<?xml version="1.0" encoding="UTF-8"?>
<!-- Generated by org.testng.reporters.JUnitXMLReporter -->
<testsuite ignored="0" hostname="PSDLAP070" failures="0" tests="3" name="Default test" time="0.117" errors="0" timestamp="2021-03-18T10:51:49 IST">
  <testcase classname="Listeners.TestNGPriorityDemo" name="test2" time="0.022"/>
  <testcase classname="Listeners.TestNGPriorityDemo" name="test3" time="0.002"/>
  <testcase classname="Listeners.TestNGPriorityDemo" name="test1" time="0.002"/>
</testsuite> <!-- Default test -->
